<?xml version="1.0" encoding="UTF-8"?>
<testng-results skipped="0" failed="0" ignored="0" total="1" passed="1">
  <reporter-output>
  </reporter-output>
  <suite name="Webdriver" duration-ms="11273" started-at="2018-11-04T03:48:33Z" finished-at="2018-11-04T03:48:45Z">
    <groups>
    </groups>
    <test name="test" duration-ms="11273" started-at="2018-11-04T03:48:33Z" finished-at="2018-11-04T03:48:45Z">
      <class name="TestNG.addressbook">
        <test-method status="PASS" signature="launch()[pri:0, instance:TestNG.addressbook@3ffc5af1]" name="launch" is-config="true" duration-ms="7191" started-at="2018-11-04T03:48:33Z" finished-at="2018-11-04T03:48:41Z">
          <reporter-output>
          </reporter-output>
        </test-method> <!-- launch -->
        <test-method status="PASS" signature="verfiyaddbook()[pri:0, instance:TestNG.addressbook@3ffc5af1]" name="verfiyaddbook" duration-ms="1955" started-at="2018-11-04T03:48:41Z" finished-at="2018-11-04T03:48:43Z">
          <reporter-output>
          </reporter-output>
        </test-method> <!-- verfiyaddbook -->
        <test-method status="PASS" signature="close()[pri:0, instance:TestNG.addressbook@3ffc5af1]" name="close" is-config="true" duration-ms="2102" started-at="2018-11-04T03:48:43Z" finished-at="2018-11-04T03:48:45Z">
          <reporter-output>
          </reporter-output>
        </test-method> <!-- close -->
      </class> <!-- TestNG.addressbook -->
    </test> <!-- test -->
  </suite> <!-- Webdriver -->
</testng-results>
